{
  "stats": {
    "suites": 1,
    "tests": 1,
    "passes": 1,
    "pending": 0,
    "failures": 0,
    "start": "2023-11-27T12:16:46.432Z",
    "end": "2023-11-27T12:17:21.495Z",
    "duration": 35063,
    "testsRegistered": 1,
    "passPercent": 100,
    "pendingPercent": 0,
    "other": 0,
    "hasOther": false,
    "skipped": 0,
    "hasSkipped": false
  },
  "results": [
    {
      "uuid": "888b7ba5-9250-46e4-810c-fc12c6c99ca5",
      "title": "",
      "fullFile": "cypress/e2e/Assignment/PS4/form_accessibility.cy.js",
      "file": "cypress/e2e/Assignment/PS4/form_accessibility.cy.js",
      "beforeHooks": [],
      "afterHooks": [],
      "tests": [],
      "suites": [
        {
          "uuid": "9ec00ad7-a145-4fad-80af-769cd166ee5a",
          "title": "Accessibility Test for DemoQA Form",
          "fullFile": "",
          "file": "",
          "beforeHooks": [],
          "afterHooks": [],
          "tests": [
            {
              "title": "should fill out the form using keyboard shortcuts",
              "fullTitle": "Accessibility Test for DemoQA Form should fill out the form using keyboard shortcuts",
              "timedOut": null,
              "duration": 31583,
              "state": "passed",
              "speed": "slow",
              "pass": true,
              "fail": false,
              "pending": false,
              "context": null,
              "code": "Cypress.on(\"uncaught:exception\", (err, runnable) => {\n  return false;\n});\ncy.readFile(\"cypress/test-data/data2.json\").then(urls => {\n  cy.visit(urls.form_accessibility.BASE_URL);\n});\ncy.tab().tab().type(\"John\").tab().type(\"Doe\").tab().type(\"johndoe@example.com\").tab().click({\n  force: true\n}).tab().tab().tab().type(\"1234567890\").tab().type(\"11 26 1999{enter}\").tab().type(\"Maths{enter}\").tab().click({\n  force: true\n}).tab().tab().tab().tab().type(\"India\").tab().type(\"{downArrow}\").type(\"{downArrow}\").tab().tab().type(\"{downArrow}\").type(\"{downArrow}\").tab().tab().type(\"{enter}\");\ncy.get(\".modal-dialog\").should(\"be.visible\");\n// Validate the submission\ncy.url().should(\"include\", \"automation-practice-form\");\ncy.get(\".modal-title\").should(\"have.text\", \"Thanks for submitting the form\");",
              "err": {},
              "uuid": "c9a2ea68-9077-41f2-aac1-61e109abc69a",
              "parentUUID": "9ec00ad7-a145-4fad-80af-769cd166ee5a",
              "isHook": false,
              "skipped": false
            }
          ],
          "suites": [],
          "passes": [
            "c9a2ea68-9077-41f2-aac1-61e109abc69a"
          ],
          "failures": [],
          "pending": [],
          "skipped": [],
          "duration": 31583,
          "root": false,
          "rootEmpty": false,
          "_timeout": 2000
        }
      ],
      "passes": [],
      "failures": [],
      "pending": [],
      "skipped": [],
      "duration": 0,
      "root": true,
      "rootEmpty": true,
      "_timeout": 2000
    }
  ],
  "meta": {
    "mocha": {
      "version": "7.0.1"
    },
    "mochawesome": {
      "options": {
        "quiet": false,
        "reportFilename": "mochawesome",
        "saveHtml": true,
        "saveJson": true,
        "consoleReporter": "spec",
        "useInlineDiffs": false,
        "code": true
      },
      "version": "7.1.3"
    },
    "marge": {
      "options": {
        "reportDir": "cypress/reports/mocha",
        "charts": true,
        "overwrite": false,
        "html": true,
        "json": true
      },
      "version": "6.2.0"
    }
  }
}