{
  "stats": {
    "suites": 1,
    "tests": 3,
    "passes": 3,
    "pending": 0,
    "failures": 0,
    "start": "2023-11-27T12:11:54.563Z",
    "end": "2023-11-27T12:12:18.092Z",
    "duration": 23529,
    "testsRegistered": 3,
    "passPercent": 100,
    "pendingPercent": 0,
    "other": 0,
    "hasOther": false,
    "skipped": 0,
    "hasSkipped": false
  },
  "results": [
    {
      "uuid": "974c0e76-4cc1-4eae-9326-d4ceeec86573",
      "title": "",
      "fullFile": "cypress/e2e/Assignment/PS2/userManagement.cy.ts",
      "file": "cypress/e2e/Assignment/PS2/userManagement.cy.ts",
      "beforeHooks": [],
      "afterHooks": [],
      "tests": [],
      "suites": [
        {
          "uuid": "a4f8535b-eb71-41c4-8cb1-e0159803356c",
          "title": "User Management Tests",
          "fullFile": "",
          "file": "",
          "beforeHooks": [],
          "afterHooks": [],
          "tests": [
            {
              "title": "Login and Store ID in Local Storage",
              "fullTitle": "User Management Tests Login and Store ID in Local Storage",
              "timedOut": null,
              "duration": 4799,
              "state": "passed",
              "speed": "fast",
              "pass": true,
              "fail": false,
              "pending": false,
              "context": null,
              "code": "cy.get(\"input[name=username]\").type(\"Admin\");\ncy.get(\"input[name=password]\").type(\"admin123\");\ncy.get(\"button[type=submit]\").click();\nvar userID = generateID();\nwindow.localStorage.setItem(\"userID\", userID);",
              "err": {},
              "uuid": "29af9392-5961-425d-baf3-c9fde2f6e608",
              "parentUUID": "a4f8535b-eb71-41c4-8cb1-e0159803356c",
              "isHook": false,
              "skipped": false
            },
            {
              "title": "Create User with Stored ID",
              "fullTitle": "User Management Tests Create User with Stored ID",
              "timedOut": null,
              "duration": 8595,
              "state": "passed",
              "speed": "medium",
              "pass": true,
              "fail": false,
              "pending": false,
              "context": null,
              "code": "var userID = window.localStorage.getItem(\"userID\");\nvar username = \"user\".concat(userID);\nvar password = \"password\".concat(userID);\ncy.get(\"ul.oxd-main-menu li\").eq(0).click();\ncy.contains(\"Add\").click();\ncy.get(\".oxd-userdropdown-name\")\n    .invoke(\"text\")\n    .then(function (tempUserName) {\n    cy.get(\".oxd-select-text-input\")\n        .eq(0)\n        .click()\n        .type(\"{downArrow}\")\n        .type(\"{enter}\")\n        .tab()\n        .type(tempUserName)\n        .wait(2000)\n        .type(\"{downArrow}{enter}\")\n        .tab()\n        .type(\"{downArrow}\")\n        .type(\"{enter}\")\n        .tab()\n        .type(username)\n        .tab()\n        .type(password)\n        .tab()\n        .type(password)\n        .tab()\n        .tab()\n        .click();\n});",
              "err": {},
              "uuid": "d657a338-d10e-4790-b9a3-42f03cc3a093",
              "parentUUID": "a4f8535b-eb71-41c4-8cb1-e0159803356c",
              "isHook": false,
              "skipped": false
            },
            {
              "title": "Delete User",
              "fullTitle": "User Management Tests Delete User",
              "timedOut": null,
              "duration": 6435,
              "state": "passed",
              "speed": "medium",
              "pass": true,
              "fail": false,
              "pending": false,
              "context": null,
              "code": "var userID = window.localStorage.getItem(\"userID\");\ncy.wait(5000);\ncy.get(\".oxd-form input\").first().type(\"user\".concat(userID));\ncy.get(\".oxd-form button\").last().click();\ncy.get(\".oxd-table-card .oxd-table-cell\", { timeout: 10000 })\n    .contains(\"user\".concat(userID))\n    .should(\"exist\");\ncy.get(\".oxd-table-cell-actions button\").first().click();\ncy.get(\".orangehrm-modal-footer button\").last().click();",
              "err": {},
              "uuid": "eeb58828-19bf-4640-a105-52b633e61199",
              "parentUUID": "a4f8535b-eb71-41c4-8cb1-e0159803356c",
              "isHook": false,
              "skipped": false
            }
          ],
          "suites": [],
          "passes": [
            "29af9392-5961-425d-baf3-c9fde2f6e608",
            "d657a338-d10e-4790-b9a3-42f03cc3a093",
            "eeb58828-19bf-4640-a105-52b633e61199"
          ],
          "failures": [],
          "pending": [],
          "skipped": [],
          "duration": 19829,
          "root": false,
          "rootEmpty": false,
          "_timeout": 2000
        }
      ],
      "passes": [],
      "failures": [],
      "pending": [],
      "skipped": [],
      "duration": 0,
      "root": true,
      "rootEmpty": true,
      "_timeout": 2000
    }
  ],
  "meta": {
    "mocha": {
      "version": "7.0.1"
    },
    "mochawesome": {
      "options": {
        "quiet": false,
        "reportFilename": "mochawesome",
        "saveHtml": true,
        "saveJson": true,
        "consoleReporter": "spec",
        "useInlineDiffs": false,
        "code": true
      },
      "version": "7.1.3"
    },
    "marge": {
      "options": {
        "reportDir": "cypress/reports/mocha",
        "charts": true,
        "overwrite": false,
        "html": true,
        "json": true
      },
      "version": "6.2.0"
    }
  }
}