{
  "stats": {
    "suites": 1,
    "tests": 3,
    "passes": 1,
    "pending": 0,
    "failures": 2,
    "start": "2023-11-27T12:15:48.548Z",
    "end": "2023-11-27T12:16:41.149Z",
    "duration": 52601,
    "testsRegistered": 3,
    "passPercent": 33.33333333333333,
    "pendingPercent": 0,
    "other": 0,
    "hasOther": false,
    "skipped": 0,
    "hasSkipped": false
  },
  "results": [
    {
      "uuid": "20405b12-b150-4eef-a3ad-2922756567d5",
      "title": "",
      "fullFile": "cypress/e2e/withoutLogin/withoutLogin.cy.ts",
      "file": "cypress/e2e/withoutLogin/withoutLogin.cy.ts",
      "beforeHooks": [],
      "afterHooks": [],
      "tests": [],
      "suites": [
        {
          "uuid": "9494df4b-ac76-492e-b4e7-ad515210be3e",
          "title": "without login tests",
          "fullFile": "",
          "file": "",
          "beforeHooks": [],
          "afterHooks": [],
          "tests": [
            {
              "title": "should navigate from left nav to Mobiles and select Mobiles phones and get back to the main menu",
              "fullTitle": "without login tests should navigate from left nav to Mobiles and select Mobiles phones and get back to the main menu",
              "timedOut": null,
              "duration": 13053,
              "state": "failed",
              "speed": null,
              "pass": false,
              "fail": true,
              "pending": false,
              "context": null,
              "code": "homeEyes.getInitialUrl().then(function (preUrl) {\n    homeHands.navigateToMobilesAndBack();\n    homeEyes.checkCurrentUrl(preUrl);\n});",
              "err": {
                "message": "AssertionError: Timed out retrying after 4000ms: Expected to find content: 'All Mobile Phones' but never did.",
                "estack": "AssertionError: Timed out retrying after 4000ms: Expected to find content: 'All Mobile Phones' but never did.\n    at __webpack_modules__../cypress/robots/home/Robot.ts.HomeHands.navigateToMobilesAndBack (webpack://cypress-assignment/./cypress/robots/home/Robot.ts:79:0)\n    at Context.eval (webpack://cypress-assignment/./cypress/e2e/withoutLogin/withoutLogin.cy.ts:23:0)",
                "diff": null
              },
              "uuid": "88dcc36e-d37b-4fc8-af3a-a2aef3c29262",
              "parentUUID": "9494df4b-ac76-492e-b4e7-ad515210be3e",
              "isHook": false,
              "skipped": false
            },
            {
              "title": "should add to cart Today's deals product",
              "fullTitle": "without login tests should add to cart Today's deals product",
              "timedOut": null,
              "duration": 21066,
              "state": "failed",
              "speed": null,
              "pass": false,
              "fail": true,
              "pending": false,
              "context": null,
              "code": "homeHands.goToTodaysDeals();\nlistingHands.selectThirdProduct();\nproductHands.addToCartAndGoToCart();\ncartEyes.checkQuantity();",
              "err": {
                "message": "AssertionError: Timed out retrying after 4000ms: Expected to find element: `#a-autoid-0-announce .a-dropdown-prompt`, but never found it.",
                "estack": "AssertionError: Timed out retrying after 4000ms: Expected to find element: `#a-autoid-0-announce .a-dropdown-prompt`, but never found it.\n    at __webpack_modules__../cypress/robots/cart/Robot.ts.CartEyes.checkQuantity (webpack://cypress-assignment/./cypress/robots/cart/Robot.ts:34:0)\n    at Context.eval (webpack://cypress-assignment/./cypress/e2e/withoutLogin/withoutLogin.cy.ts:31:0)",
                "diff": null
              },
              "uuid": "53594a42-b0e8-4a90-ad6e-4052124a5abe",
              "parentUUID": "9494df4b-ac76-492e-b4e7-ad515210be3e",
              "isHook": false,
              "skipped": false
            },
            {
              "title": "should search for mobiles and display the last item details",
              "fullTitle": "without login tests should search for mobiles and display the last item details",
              "timedOut": null,
              "duration": 13499,
              "state": "passed",
              "speed": "slow",
              "pass": true,
              "fail": false,
              "pending": false,
              "context": null,
              "code": "homeHands.enterSearchKey(\"mobiles\");\nlistingHands.printLastMobileNameAndPrice();\nlistingHands.getLastMobileName().then(function (name) {\n    listingHands.clickLastMobile();\n    productEyes.checkProductName(name);\n});",
              "err": {},
              "uuid": "4fd460e9-484f-497e-b833-e9c9ce0a27bd",
              "parentUUID": "9494df4b-ac76-492e-b4e7-ad515210be3e",
              "isHook": false,
              "skipped": false
            }
          ],
          "suites": [],
          "passes": [
            "4fd460e9-484f-497e-b833-e9c9ce0a27bd"
          ],
          "failures": [
            "88dcc36e-d37b-4fc8-af3a-a2aef3c29262",
            "53594a42-b0e8-4a90-ad6e-4052124a5abe"
          ],
          "pending": [],
          "skipped": [],
          "duration": 47618,
          "root": false,
          "rootEmpty": false,
          "_timeout": 2000
        }
      ],
      "passes": [],
      "failures": [],
      "pending": [],
      "skipped": [],
      "duration": 0,
      "root": true,
      "rootEmpty": true,
      "_timeout": 2000
    }
  ],
  "meta": {
    "mocha": {
      "version": "7.0.1"
    },
    "mochawesome": {
      "options": {
        "quiet": false,
        "reportFilename": "mochawesome",
        "saveHtml": true,
        "saveJson": true,
        "consoleReporter": "spec",
        "useInlineDiffs": false,
        "code": true
      },
      "version": "7.1.3"
    },
    "marge": {
      "options": {
        "reportDir": "cypress/reports/mocha",
        "charts": true,
        "overwrite": false,
        "html": true,
        "json": true
      },
      "version": "6.2.0"
    }
  }
}