{
  "stats": {
    "suites": 1,
    "tests": 3,
    "passes": 3,
    "pending": 0,
    "failures": 0,
    "start": "2023-11-27T12:13:06.793Z",
    "end": "2023-11-27T12:13:25.650Z",
    "duration": 18857,
    "testsRegistered": 3,
    "passPercent": 100,
    "pendingPercent": 0,
    "other": 0,
    "hasOther": false,
    "skipped": 0,
    "hasSkipped": false
  },
  "results": [
    {
      "uuid": "dc9b337e-5093-4a2a-9dc4-783fa0130d32",
      "title": "",
      "fullFile": "cypress/e2e/Assignment/PS5/testLogin.cy.ts",
      "file": "cypress/e2e/Assignment/PS5/testLogin.cy.ts",
      "beforeHooks": [],
      "afterHooks": [],
      "tests": [],
      "suites": [
        {
          "uuid": "35981cca-3983-483f-8e7f-2d6fa7dc0fc2",
          "title": "Login Flow Test",
          "fullFile": "",
          "file": "",
          "beforeHooks": [],
          "afterHooks": [],
          "tests": [
            {
              "title": "Login - Login with incorrect username",
              "fullTitle": "Login Flow Test Login - Login with incorrect username",
              "timedOut": null,
              "duration": 5214,
              "state": "passed",
              "speed": "medium",
              "pass": true,
              "fail": false,
              "pending": false,
              "context": null,
              "code": "cy.get(\"#username\").type(data.username);\ncy.get(\"#password\").type(data.password);\ncy.get(\"#submit\").click();\ncy.get(data.assertionid).should(\"contain\", data.assertion);",
              "err": {},
              "uuid": "7252816f-bd62-462c-8548-01ad0ee6aa0f",
              "parentUUID": "35981cca-3983-483f-8e7f-2d6fa7dc0fc2",
              "isHook": false,
              "skipped": false
            },
            {
              "title": "Login - Login with incorrect password",
              "fullTitle": "Login Flow Test Login - Login with incorrect password",
              "timedOut": null,
              "duration": 2857,
              "state": "passed",
              "speed": "fast",
              "pass": true,
              "fail": false,
              "pending": false,
              "context": null,
              "code": "cy.get(\"#username\").type(data.username);\ncy.get(\"#password\").type(data.password);\ncy.get(\"#submit\").click();\ncy.get(data.assertionid).should(\"contain\", data.assertion);",
              "err": {},
              "uuid": "9b9424ed-42f8-4147-bc62-8759e43a69c9",
              "parentUUID": "35981cca-3983-483f-8e7f-2d6fa7dc0fc2",
              "isHook": false,
              "skipped": false
            },
            {
              "title": "Login - Login with valid credentials",
              "fullTitle": "Login Flow Test Login - Login with valid credentials",
              "timedOut": null,
              "duration": 4157,
              "state": "passed",
              "speed": "fast",
              "pass": true,
              "fail": false,
              "pending": false,
              "context": null,
              "code": "cy.get(\"#username\").type(data.username);\ncy.get(\"#password\").type(data.password);\ncy.get(\"#submit\").click();\ncy.get(data.assertionid).should(\"contain\", data.assertion);",
              "err": {},
              "uuid": "eef77382-2b4c-4f1f-a10e-071713a0c2e6",
              "parentUUID": "35981cca-3983-483f-8e7f-2d6fa7dc0fc2",
              "isHook": false,
              "skipped": false
            }
          ],
          "suites": [],
          "passes": [
            "7252816f-bd62-462c-8548-01ad0ee6aa0f",
            "9b9424ed-42f8-4147-bc62-8759e43a69c9",
            "eef77382-2b4c-4f1f-a10e-071713a0c2e6"
          ],
          "failures": [],
          "pending": [],
          "skipped": [],
          "duration": 12228,
          "root": false,
          "rootEmpty": false,
          "_timeout": 2000
        }
      ],
      "passes": [],
      "failures": [],
      "pending": [],
      "skipped": [],
      "duration": 0,
      "root": true,
      "rootEmpty": true,
      "_timeout": 2000
    }
  ],
  "meta": {
    "mocha": {
      "version": "7.0.1"
    },
    "mochawesome": {
      "options": {
        "quiet": false,
        "reportFilename": "mochawesome",
        "saveHtml": true,
        "saveJson": true,
        "consoleReporter": "spec",
        "useInlineDiffs": false,
        "code": true
      },
      "version": "7.1.3"
    },
    "marge": {
      "options": {
        "reportDir": "cypress/reports/mocha",
        "charts": true,
        "overwrite": false,
        "html": true,
        "json": true
      },
      "version": "6.2.0"
    }
  }
}