{
  "stats": {
    "suites": 1,
    "tests": 3,
    "passes": 2,
    "pending": 0,
    "failures": 1,
    "start": "2023-11-27T12:10:58.554Z",
    "end": "2023-11-27T12:11:48.684Z",
    "duration": 50130,
    "testsRegistered": 3,
    "passPercent": 66.66666666666666,
    "pendingPercent": 0,
    "other": 0,
    "hasOther": false,
    "skipped": 0,
    "hasSkipped": false
  },
  "results": [
    {
      "uuid": "f3a5bdc1-a229-47da-91d8-aa27323cd07f",
      "title": "",
      "fullFile": "cypress/e2e/withoutLogin/withoutLogin.cy.ts",
      "file": "cypress/e2e/withoutLogin/withoutLogin.cy.ts",
      "beforeHooks": [],
      "afterHooks": [],
      "tests": [],
      "suites": [
        {
          "uuid": "a2d4bd94-20da-4a81-901a-4d53637cb783",
          "title": "without login tests",
          "fullFile": "",
          "file": "",
          "beforeHooks": [],
          "afterHooks": [],
          "tests": [
            {
              "title": "should navigate from left nav to Mobiles and select Mobiles phones and get back to the main menu",
              "fullTitle": "without login tests should navigate from left nav to Mobiles and select Mobiles phones and get back to the main menu",
              "timedOut": null,
              "duration": 12840,
              "state": "passed",
              "speed": "slow",
              "pass": true,
              "fail": false,
              "pending": false,
              "context": null,
              "code": "homeEyes.getInitialUrl().then(function (preUrl) {\n    homeHands.navigateToMobilesAndBack();\n    homeEyes.checkCurrentUrl(preUrl);\n});",
              "err": {},
              "uuid": "52991a9c-5ae6-44e7-9257-3bef74329ff8",
              "parentUUID": "a2d4bd94-20da-4a81-901a-4d53637cb783",
              "isHook": false,
              "skipped": false
            },
            {
              "title": "should add to cart Today's deals product",
              "fullTitle": "without login tests should add to cart Today's deals product",
              "timedOut": null,
              "duration": 19812,
              "state": "failed",
              "speed": null,
              "pass": false,
              "fail": true,
              "pending": false,
              "context": null,
              "code": "homeHands.goToTodaysDeals();\nlistingHands.selectThirdProduct();\nproductHands.addToCartAndGoToCart();\ncartEyes.checkQuantity();",
              "err": {
                "message": "AssertionError: Timed out retrying after 4000ms: Expected to find element: `#a-autoid-0-announce .a-dropdown-prompt`, but never found it.",
                "estack": "AssertionError: Timed out retrying after 4000ms: Expected to find element: `#a-autoid-0-announce .a-dropdown-prompt`, but never found it.\n    at __webpack_modules__../cypress/robots/cart/Robot.ts.CartEyes.checkQuantity (webpack://cypress-assignment/./cypress/robots/cart/Robot.ts:34:0)\n    at Context.eval (webpack://cypress-assignment/./cypress/e2e/withoutLogin/withoutLogin.cy.ts:31:0)",
                "diff": null
              },
              "uuid": "bbdd940c-49ef-4c5f-833e-8323cc345a0c",
              "parentUUID": "a2d4bd94-20da-4a81-901a-4d53637cb783",
              "isHook": false,
              "skipped": false
            },
            {
              "title": "should search for mobiles and display the last item details",
              "fullTitle": "without login tests should search for mobiles and display the last item details",
              "timedOut": null,
              "duration": 12972,
              "state": "passed",
              "speed": "slow",
              "pass": true,
              "fail": false,
              "pending": false,
              "context": null,
              "code": "homeHands.enterSearchKey(\"mobiles\");\nlistingHands.printLastMobileNameAndPrice();\nlistingHands.getLastMobileName().then(function (name) {\n    listingHands.clickLastMobile();\n    productEyes.checkProductName(name);\n});",
              "err": {},
              "uuid": "34737b2a-5cc1-4c52-928a-eb7a36deb85a",
              "parentUUID": "a2d4bd94-20da-4a81-901a-4d53637cb783",
              "isHook": false,
              "skipped": false
            }
          ],
          "suites": [],
          "passes": [
            "52991a9c-5ae6-44e7-9257-3bef74329ff8",
            "34737b2a-5cc1-4c52-928a-eb7a36deb85a"
          ],
          "failures": [
            "bbdd940c-49ef-4c5f-833e-8323cc345a0c"
          ],
          "pending": [],
          "skipped": [],
          "duration": 45624,
          "root": false,
          "rootEmpty": false,
          "_timeout": 2000
        }
      ],
      "passes": [],
      "failures": [],
      "pending": [],
      "skipped": [],
      "duration": 0,
      "root": true,
      "rootEmpty": true,
      "_timeout": 2000
    }
  ],
  "meta": {
    "mocha": {
      "version": "7.0.1"
    },
    "mochawesome": {
      "options": {
        "quiet": false,
        "reportFilename": "mochawesome",
        "saveHtml": true,
        "saveJson": true,
        "consoleReporter": "spec",
        "useInlineDiffs": false,
        "code": true
      },
      "version": "7.1.3"
    },
    "marge": {
      "options": {
        "reportDir": "cypress/reports/mocha",
        "charts": true,
        "overwrite": false,
        "html": true,
        "json": true
      },
      "version": "6.2.0"
    }
  }
}