{
  "stats": {
    "suites": 1,
    "tests": 1,
    "passes": 0,
    "pending": 0,
    "failures": 1,
    "start": "2023-11-27T12:16:43.387Z",
    "end": "2023-11-27T12:16:44.087Z",
    "duration": 700,
    "testsRegistered": 1,
    "passPercent": 0,
    "pendingPercent": 0,
    "other": 0,
    "hasOther": false,
    "skipped": 0,
    "hasSkipped": false
  },
  "results": [
    {
      "uuid": "fb8978cc-4fde-4846-97ad-41587094f662",
      "title": "",
      "fullFile": "cypress/e2e/Assignment/PS1/palindrome.cy.ts",
      "file": "cypress/e2e/Assignment/PS1/palindrome.cy.ts",
      "beforeHooks": [],
      "afterHooks": [],
      "tests": [],
      "suites": [
        {
          "uuid": "0727fa8e-2ba6-49f0-9470-bb320f65a1e0",
          "title": "Palindrome Function Test",
          "fullFile": "",
          "file": "",
          "beforeHooks": [],
          "afterHooks": [],
          "tests": [
            {
              "title": "Checks if a string is a palindrome",
              "fullTitle": "Palindrome Function Test Checks if a string is a palindrome",
              "timedOut": null,
              "duration": 625,
              "state": "failed",
              "speed": null,
              "pass": false,
              "fail": true,
              "pending": false,
              "context": null,
              "code": "cy.exec('node cypress/support/palindrome.js \"A man, a plan, a canal, Panama\"').then(function (result) {\n    var output = result.stdout.trim();\n    cy.log(\"Palindrome Check: \".concat(output));\n    expect(output).to.eq(\"true\");\n});",
              "err": {
                "message": "AssertionError: expected '\\u001b[33mtrue\\u001b[39m' to equal 'true'",
                "estack": "AssertionError: expected '\\u001b[33mtrue\\u001b[39m' to equal 'true'\n    at Context.eval (webpack://cypress-assignment/./cypress/e2e/Assignment/PS1/palindrome.cy.ts:21:0)",
                "diff": "- '\\u001b[33mtrue\\u001b[39m'\n+ 'true'\n"
              },
              "uuid": "b070160a-1361-49d9-81f5-ae30c24b2853",
              "parentUUID": "0727fa8e-2ba6-49f0-9470-bb320f65a1e0",
              "isHook": false,
              "skipped": false
            }
          ],
          "suites": [],
          "passes": [],
          "failures": [
            "b070160a-1361-49d9-81f5-ae30c24b2853"
          ],
          "pending": [],
          "skipped": [],
          "duration": 625,
          "root": false,
          "rootEmpty": false,
          "_timeout": 2000
        }
      ],
      "passes": [],
      "failures": [],
      "pending": [],
      "skipped": [],
      "duration": 0,
      "root": true,
      "rootEmpty": true,
      "_timeout": 2000
    }
  ],
  "meta": {
    "mocha": {
      "version": "7.0.1"
    },
    "mochawesome": {
      "options": {
        "quiet": false,
        "reportFilename": "mochawesome",
        "saveHtml": true,
        "saveJson": true,
        "consoleReporter": "spec",
        "useInlineDiffs": false,
        "code": true
      },
      "version": "7.1.3"
    },
    "marge": {
      "options": {
        "reportDir": "cypress/reports/mocha",
        "charts": true,
        "overwrite": false,
        "html": true,
        "json": true
      },
      "version": "6.2.0"
    }
  }
}